Sun Mar  1 00:00:05 -03 2026: Iniciando auditoria de segurança...
Sun Mar  1 00:00:11 -03 2026: Alertas encontrados - CRITICAL: 0
0, WARNING: 0
0
Sun Mar  1 00:00:11 -03 2026: Auditoria concluída.
---
Sun Mar  1 02:02:50 -03 2026: Iniciando auditoria de segurança...
Sun Mar  1 02:05:07 -03 2026: Alertas encontrados - CRITICAL: 0
0, WARNING: 0
0
Sun Mar  1 02:05:23 -03 2026: Auditoria concluída.
---
Sun Mar  1 04:00:01 -03 2026: Iniciando auditoria de segurança...
Sun Mar  1 04:00:04 -03 2026: Alertas encontrados - CRITICAL: 0
0, WARNING: 0
0
Sun Mar  1 04:00:04 -03 2026: Auditoria concluída.
---
Sun Mar  1 10:00:14 -03 2026: Iniciando auditoria de segurança...
Sun Mar  1 10:00:27 -03 2026: Alertas encontrados - CRITICAL: 0
0, WARNING: 0
0
Sun Mar  1 10:00:27 -03 2026: Auditoria concluída.
---
Sun Mar  1 12:00:00 -03 2026: Iniciando auditoria de segurança...
🚨 ALERTA DE SEGURANÇA

Dispositivo não autorizado detectado: 255417947021566

Timestamp: 2026-03-01T12:00:01.017165
🚨 ALERTA DE SEGURANÇA

Dispositivo não autorizado detectado: 14380204826734

Timestamp: 2026-03-01T12:00:01.018129
Sun Mar  1 12:00:02 -03 2026: Alertas encontrados - CRITICAL: 2, WARNING: 1
Sun Mar  1 12:00:02 -03 2026: 🚨 ALERTAS CRÍTICOS DETECTADOS! Reveja o log imediatamente.
Sun Mar  1 12:00:02 -03 2026: Auditoria concluída.
---
Sun Mar  1 14:00:04 -03 2026: Iniciando auditoria de segurança...
🚨 ALERTA DE SEGURANÇA

Dispositivo não autorizado detectado: 255417947021566

Timestamp: 2026-03-01T14:00:05.824159
🚨 ALERTA DE SEGURANÇA

Dispositivo não autorizado detectado: 14380204826734

Timestamp: 2026-03-01T14:00:05.824781
Sun Mar  1 14:00:08 -03 2026: Alertas encontrados - CRITICAL: 4, WARNING: 2
Sun Mar  1 14:00:08 -03 2026: 🚨 ALERTAS CRÍTICOS DETECTADOS! Reveja o log imediatamente.
Sun Mar  1 14:00:08 -03 2026: Auditoria concluída.
---
Sun Mar  1 16:00:02 -03 2026: Iniciando auditoria de segurança...
🚨 ALERTA DE SEGURANÇA

Dispositivo não autorizado detectado: 255417947021566

Timestamp: 2026-03-01T16:00:02.345883
🚨 ALERTA DE SEGURANÇA

Dispositivo não autorizado detectado: 14380204826734

Timestamp: 2026-03-01T16:00:02.346483
Sun Mar  1 16:00:03 -03 2026: Alertas encontrados - CRITICAL: 6, WARNING: 3
Sun Mar  1 16:00:03 -03 2026: 🚨 ALERTAS CRÍTICOS DETECTADOS! Reveja o log imediatamente.
Sun Mar  1 16:00:03 -03 2026: Auditoria concluída.
---
Sun Mar  1 18:00:02 -03 2026: Iniciando auditoria de segurança...
🚨 ALERTA DE SEGURANÇA

Dispositivo não autorizado detectado: 255417947021566

Timestamp: 2026-03-01T18:00:04.931974
🚨 ALERTA DE SEGURANÇA

Dispositivo não autorizado detectado: 14380204826734

Timestamp: 2026-03-01T18:00:04.932654
Sun Mar  1 18:00:05 -03 2026: Alertas encontrados - CRITICAL: 8, WARNING: 4
Sun Mar  1 18:00:05 -03 2026: 🚨 ALERTAS CRÍTICOS DETECTADOS! Reveja o log imediatamente.
Sun Mar  1 18:00:05 -03 2026: Auditoria concluída.
---
Sun Mar  1 20:00:04 -03 2026: Iniciando auditoria de segurança...
🚨 ALERTA DE SEGURANÇA

Dispositivo não autorizado detectado: 255417947021566

Timestamp: 2026-03-01T20:00:11.572626
🚨 ALERTA DE SEGURANÇA

Dispositivo não autorizado detectado: 14380204826734

Timestamp: 2026-03-01T20:00:11.573579
Sun Mar  1 20:00:17 -03 2026: Alertas encontrados - CRITICAL: 10, WARNING: 5
Sun Mar  1 20:00:17 -03 2026: 🚨 ALERTAS CRÍTICOS DETECTADOS! Reveja o log imediatamente.
Sun Mar  1 20:00:17 -03 2026: Auditoria concluída.
---
Sun Mar  1 22:00:12 -03 2026: Iniciando auditoria de segurança...
🚨 ALERTA DE SEGURANÇA

Dispositivo não autorizado detectado: 255417947021566

Timestamp: 2026-03-01T22:00:23.141278
🚨 ALERTA DE SEGURANÇA

Dispositivo não autorizado detectado: 14380204826734

Timestamp: 2026-03-01T22:00:23.142108
Sun Mar  1 22:00:27 -03 2026: Alertas encontrados - CRITICAL: 12, WARNING: 6
Sun Mar  1 22:00:27 -03 2026: 🚨 ALERTAS CRÍTICOS DETECTADOS! Reveja o log imediatamente.
Sun Mar  1 22:00:27 -03 2026: Auditoria concluída.
---
