Mon Mar  2 00:00:03 -03 2026: Iniciando auditoria de segurança...
🚨 ALERTA DE SEGURANÇA

Dispositivo não autorizado detectado: 255417947021566

Timestamp: 2026-03-02T00:00:04.359598
🚨 ALERTA DE SEGURANÇA

Dispositivo não autorizado detectado: 14380204826734

Timestamp: 2026-03-02T00:00:04.360395
Mon Mar  2 00:00:04 -03 2026: Alertas encontrados - CRITICAL: 2, WARNING: 1
Mon Mar  2 00:00:04 -03 2026: 🚨 ALERTAS CRÍTICOS DETECTADOS! Reveja o log imediatamente.
Mon Mar  2 00:00:04 -03 2026: Auditoria concluída.
---
Mon Mar  2 02:00:02 -03 2026: Iniciando auditoria de segurança...
🚨 ALERTA DE SEGURANÇA

Dispositivo não autorizado detectado: 255417947021566

Timestamp: 2026-03-02T02:00:05.530306
🚨 ALERTA DE SEGURANÇA

Dispositivo não autorizado detectado: 14380204826734

Timestamp: 2026-03-02T02:00:05.530955
Mon Mar  2 02:00:06 -03 2026: Alertas encontrados - CRITICAL: 4, WARNING: 2
Mon Mar  2 02:00:06 -03 2026: 🚨 ALERTAS CRÍTICOS DETECTADOS! Reveja o log imediatamente.
Mon Mar  2 02:00:06 -03 2026: Auditoria concluída.
---
Mon Mar  2 08:00:02 -03 2026: Iniciando auditoria de segurança...
🚨 ALERTA DE SEGURANÇA

Dispositivo não autorizado detectado: 255417947021566

Timestamp: 2026-03-02T08:00:03.577425
🚨 ALERTA DE SEGURANÇA

Dispositivo não autorizado detectado: 83880828747982

Timestamp: 2026-03-02T08:00:03.577997
🚨 ALERTA DE SEGURANÇA

Dispositivo não autorizado detectado: 14380204826734

Timestamp: 2026-03-02T08:00:03.578360
Mon Mar  2 08:00:04 -03 2026: Alertas encontrados - CRITICAL: 7, WARNING: 3
Mon Mar  2 08:00:04 -03 2026: 🚨 ALERTAS CRÍTICOS DETECTADOS! Reveja o log imediatamente.
Mon Mar  2 08:00:04 -03 2026: Auditoria concluída.
---
Mon Mar  2 20:00:01 -03 2026: Iniciando auditoria de segurança...
🚨 ALERTA DE SEGURANÇA

Dispositivo não autorizado detectado: 255417947021566

Timestamp: 2026-03-02T20:00:02.532039
🚨 ALERTA DE SEGURANÇA

Dispositivo não autorizado detectado: 553186441079

Timestamp: 2026-03-02T20:00:02.532623
🚨 ALERTA DE SEGURANÇA

Dispositivo não autorizado detectado: 83880828747982

Timestamp: 2026-03-02T20:00:02.532898
🚨 ALERTA DE SEGURANÇA

Dispositivo não autorizado detectado: 14380204826734

Timestamp: 2026-03-02T20:00:02.533159
Mon Mar  2 20:00:03 -03 2026: Alertas encontrados - CRITICAL: 11, WARNING: 5
Mon Mar  2 20:00:03 -03 2026: 🚨 ALERTAS CRÍTICOS DETECTADOS! Reveja o log imediatamente.
Mon Mar  2 20:00:03 -03 2026: Auditoria concluída.
---
