Thu Feb 26 00:00:59 -03 2026: Iniciando auditoria de segurança...
Thu Feb 26 00:01:07 -03 2026: Alertas encontrados - CRITICAL: 0
0, WARNING: 0
0
Thu Feb 26 00:01:08 -03 2026: Auditoria concluída.
---
Thu Feb 26 02:00:02 -03 2026: Iniciando auditoria de segurança...
Thu Feb 26 02:00:05 -03 2026: Alertas encontrados - CRITICAL: 0
0, WARNING: 0
0
Thu Feb 26 02:00:05 -03 2026: Auditoria concluída.
---
Thu Feb 26 18:00:01 -03 2026: Iniciando auditoria de segurança...
Thu Feb 26 18:00:02 -03 2026: Alertas encontrados - CRITICAL: 0
0, WARNING: 0
0
Thu Feb 26 18:00:02 -03 2026: Auditoria concluída.
---
Thu Feb 26 20:00:01 -03 2026: Iniciando auditoria de segurança...
Thu Feb 26 20:00:03 -03 2026: Alertas encontrados - CRITICAL: 0
0, WARNING: 0
0
Thu Feb 26 20:00:03 -03 2026: Auditoria concluída.
---
Thu Feb 26 22:00:04 -03 2026: Iniciando auditoria de segurança...
Thu Feb 26 22:00:11 -03 2026: Alertas encontrados - CRITICAL: 0
0, WARNING: 0
0
Thu Feb 26 22:00:11 -03 2026: Auditoria concluída.
---
