{"timestamp": "2026-02-26T00:01:05.195390", "level": "INFO", "message": "=== INICIANDO AUDITORIA DE SEGURAN\u00c7A ===", "details": {}}
{"timestamp": "2026-02-26T00:01:05.618953", "level": "INFO", "message": "Credenciais WhatsApp verificadas: 1 dispositivo(s) autorizado(s)", "details": {}}
{"timestamp": "2026-02-26T00:01:05.645719", "level": "INFO", "message": "Integridade da configura\u00e7\u00e3o verificada", "details": {}}
{"timestamp": "2026-02-26T00:01:05.670378", "level": "INFO", "message": "Sess\u00f5es ativas: 5", "details": {}}
{"timestamp": "2026-02-26T00:01:07.528009", "level": "INFO", "message": "Gateway rodando com 1 processo(s)", "details": {}}
{"timestamp": "2026-02-26T00:01:07.528940", "level": "INFO", "message": "\u2705 Todas as verifica\u00e7\u00f5es de seguran\u00e7a passaram", "details": {}}
{"timestamp": "2026-02-26T00:01:07.529440", "level": "INFO", "message": "=== AUDITORIA CONCLU\u00cdDA ===", "details": {}}
{"timestamp": "2026-02-26T02:00:04.401687", "level": "INFO", "message": "=== INICIANDO AUDITORIA DE SEGURAN\u00c7A ===", "details": {}}
{"timestamp": "2026-02-26T02:00:05.029409", "level": "INFO", "message": "Credenciais WhatsApp verificadas: 1 dispositivo(s) autorizado(s)", "details": {}}
{"timestamp": "2026-02-26T02:00:05.090396", "level": "INFO", "message": "Integridade da configura\u00e7\u00e3o verificada", "details": {}}
{"timestamp": "2026-02-26T02:00:05.092921", "level": "INFO", "message": "Sess\u00f5es ativas: 5", "details": {}}
{"timestamp": "2026-02-26T02:00:05.610588", "level": "INFO", "message": "Gateway rodando com 1 processo(s)", "details": {}}
{"timestamp": "2026-02-26T02:00:05.611143", "level": "INFO", "message": "\u2705 Todas as verifica\u00e7\u00f5es de seguran\u00e7a passaram", "details": {}}
{"timestamp": "2026-02-26T02:00:05.611472", "level": "INFO", "message": "=== AUDITORIA CONCLU\u00cdDA ===", "details": {}}
{"timestamp": "2026-02-26T18:00:01.855680", "level": "INFO", "message": "=== INICIANDO AUDITORIA DE SEGURAN\u00c7A ===", "details": {}}
{"timestamp": "2026-02-26T18:00:02.036627", "level": "INFO", "message": "Credenciais WhatsApp verificadas: 1 dispositivo(s) autorizado(s)", "details": {}}
{"timestamp": "2026-02-26T18:00:02.055639", "level": "INFO", "message": "Integridade da configura\u00e7\u00e3o verificada", "details": {}}
{"timestamp": "2026-02-26T18:00:02.056333", "level": "INFO", "message": "Sess\u00f5es ativas: 5", "details": {}}
{"timestamp": "2026-02-26T18:00:02.314194", "level": "INFO", "message": "Gateway rodando com 1 processo(s)", "details": {}}
{"timestamp": "2026-02-26T18:00:02.314750", "level": "INFO", "message": "\u2705 Todas as verifica\u00e7\u00f5es de seguran\u00e7a passaram", "details": {}}
{"timestamp": "2026-02-26T18:00:02.315180", "level": "INFO", "message": "=== AUDITORIA CONCLU\u00cdDA ===", "details": {}}
{"timestamp": "2026-02-26T19:24:58.409532", "level": "INFO", "message": "=== INICIANDO AUDITORIA DE SEGURAN\u00c7A ===", "details": {}}
{"timestamp": "2026-02-26T19:24:58.650592", "level": "INFO", "message": "Credenciais WhatsApp verificadas: 1 dispositivo(s) autorizado(s)", "details": {}}
{"timestamp": "2026-02-26T19:24:58.681842", "level": "INFO", "message": "Integridade da configura\u00e7\u00e3o verificada", "details": {}}
{"timestamp": "2026-02-26T19:24:58.686710", "level": "INFO", "message": "Sess\u00f5es ativas: 5", "details": {}}
{"timestamp": "2026-02-26T19:25:01.035762", "level": "INFO", "message": "Gateway rodando com 1 processo(s)", "details": {}}
{"timestamp": "2026-02-26T19:25:01.036677", "level": "INFO", "message": "\u2705 Todas as verifica\u00e7\u00f5es de seguran\u00e7a passaram", "details": {}}
{"timestamp": "2026-02-26T19:25:01.037308", "level": "INFO", "message": "=== AUDITORIA CONCLU\u00cdDA ===", "details": {}}
{"timestamp": "2026-02-26T20:00:02.423478", "level": "INFO", "message": "=== INICIANDO AUDITORIA DE SEGURAN\u00c7A ===", "details": {}}
{"timestamp": "2026-02-26T20:00:02.504269", "level": "INFO", "message": "Credenciais WhatsApp verificadas: 1 dispositivo(s) autorizado(s)", "details": {}}
{"timestamp": "2026-02-26T20:00:02.511082", "level": "INFO", "message": "Integridade da configura\u00e7\u00e3o verificada", "details": {}}
{"timestamp": "2026-02-26T20:00:02.516802", "level": "INFO", "message": "Sess\u00f5es ativas: 5", "details": {}}
{"timestamp": "2026-02-26T20:00:02.836194", "level": "INFO", "message": "Gateway rodando com 1 processo(s)", "details": {}}
{"timestamp": "2026-02-26T20:00:02.837173", "level": "INFO", "message": "\u2705 Todas as verifica\u00e7\u00f5es de seguran\u00e7a passaram", "details": {}}
{"timestamp": "2026-02-26T20:00:02.837832", "level": "INFO", "message": "=== AUDITORIA CONCLU\u00cdDA ===", "details": {}}
{"timestamp": "2026-02-26T22:00:05.822838", "level": "INFO", "message": "=== INICIANDO AUDITORIA DE SEGURAN\u00c7A ===", "details": {}}
{"timestamp": "2026-02-26T22:00:09.254531", "level": "INFO", "message": "Credenciais WhatsApp verificadas: 1 dispositivo(s) autorizado(s)", "details": {}}
{"timestamp": "2026-02-26T22:00:09.266820", "level": "INFO", "message": "Integridade da configura\u00e7\u00e3o verificada", "details": {}}
{"timestamp": "2026-02-26T22:00:09.270170", "level": "INFO", "message": "Sess\u00f5es ativas: 5", "details": {}}
{"timestamp": "2026-02-26T22:00:10.488885", "level": "INFO", "message": "Gateway rodando com 1 processo(s)", "details": {}}
{"timestamp": "2026-02-26T22:00:10.489562", "level": "INFO", "message": "\u2705 Todas as verifica\u00e7\u00f5es de seguran\u00e7a passaram", "details": {}}
{"timestamp": "2026-02-26T22:00:10.489970", "level": "INFO", "message": "=== AUDITORIA CONCLU\u00cdDA ===", "details": {}}
