{"timestamp": "2026-03-01T00:00:07.215832", "level": "INFO", "message": "=== INICIANDO AUDITORIA DE SEGURAN\u00c7A ===", "details": {}}
{"timestamp": "2026-03-01T00:00:07.690102", "level": "INFO", "message": "Credenciais WhatsApp verificadas: 1 dispositivo(s) autorizado(s)", "details": {}}
{"timestamp": "2026-03-01T00:00:07.795678", "level": "INFO", "message": "Integridade da configura\u00e7\u00e3o verificada", "details": {}}
{"timestamp": "2026-03-01T00:00:07.881119", "level": "INFO", "message": "Sess\u00f5es ativas: 6", "details": {}}
{"timestamp": "2026-03-01T00:00:10.240285", "level": "INFO", "message": "Gateway rodando com 1 processo(s)", "details": {}}
{"timestamp": "2026-03-01T00:00:10.241135", "level": "INFO", "message": "\u2705 Todas as verifica\u00e7\u00f5es de seguran\u00e7a passaram", "details": {}}
{"timestamp": "2026-03-01T00:00:10.241909", "level": "INFO", "message": "=== AUDITORIA CONCLU\u00cdDA ===", "details": {}}
{"timestamp": "2026-03-01T02:03:57.553685", "level": "INFO", "message": "=== INICIANDO AUDITORIA DE SEGURAN\u00c7A ===", "details": {}}
{"timestamp": "2026-03-01T02:04:08.137279", "level": "INFO", "message": "Credenciais WhatsApp verificadas: 1 dispositivo(s) autorizado(s)", "details": {}}
{"timestamp": "2026-03-01T02:04:12.207634", "level": "INFO", "message": "Integridade da configura\u00e7\u00e3o verificada", "details": {}}
{"timestamp": "2026-03-01T02:04:12.995555", "level": "INFO", "message": "Sess\u00f5es ativas: 5", "details": {}}
{"timestamp": "2026-03-01T02:04:27.187119", "level": "INFO", "message": "Gateway rodando com 1 processo(s)", "details": {}}
{"timestamp": "2026-03-01T02:04:27.188570", "level": "INFO", "message": "\u2705 Todas as verifica\u00e7\u00f5es de seguran\u00e7a passaram", "details": {}}
{"timestamp": "2026-03-01T02:04:27.189486", "level": "INFO", "message": "=== AUDITORIA CONCLU\u00cdDA ===", "details": {}}
{"timestamp": "2026-03-01T04:00:02.313282", "level": "INFO", "message": "=== INICIANDO AUDITORIA DE SEGURAN\u00c7A ===", "details": {}}
{"timestamp": "2026-03-01T04:00:02.612902", "level": "INFO", "message": "Credenciais WhatsApp verificadas: 1 dispositivo(s) autorizado(s)", "details": {}}
{"timestamp": "2026-03-01T04:00:02.638294", "level": "INFO", "message": "Integridade da configura\u00e7\u00e3o verificada", "details": {}}
{"timestamp": "2026-03-01T04:00:02.639894", "level": "INFO", "message": "Sess\u00f5es ativas: 5", "details": {}}
{"timestamp": "2026-03-01T04:00:03.662722", "level": "INFO", "message": "Gateway rodando com 1 processo(s)", "details": {}}
{"timestamp": "2026-03-01T04:00:03.663515", "level": "INFO", "message": "\u2705 Todas as verifica\u00e7\u00f5es de seguran\u00e7a passaram", "details": {}}
{"timestamp": "2026-03-01T04:00:03.663902", "level": "INFO", "message": "=== AUDITORIA CONCLU\u00cdDA ===", "details": {}}
{"timestamp": "2026-03-01T10:00:24.387660", "level": "INFO", "message": "=== INICIANDO AUDITORIA DE SEGURAN\u00c7A ===", "details": {}}
{"timestamp": "2026-03-01T10:00:25.169180", "level": "INFO", "message": "Credenciais WhatsApp verificadas: 1 dispositivo(s) autorizado(s)", "details": {}}
{"timestamp": "2026-03-01T10:00:25.254348", "level": "INFO", "message": "Integridade da configura\u00e7\u00e3o verificada", "details": {}}
{"timestamp": "2026-03-01T10:00:25.291862", "level": "INFO", "message": "Sess\u00f5es ativas: 5", "details": {}}
{"timestamp": "2026-03-01T10:00:26.719907", "level": "INFO", "message": "Gateway rodando com 1 processo(s)", "details": {}}
{"timestamp": "2026-03-01T10:00:26.720697", "level": "INFO", "message": "\u2705 Todas as verifica\u00e7\u00f5es de seguran\u00e7a passaram", "details": {}}
{"timestamp": "2026-03-01T10:00:26.721172", "level": "INFO", "message": "=== AUDITORIA CONCLU\u00cdDA ===", "details": {}}
{"timestamp": "2026-03-01T12:00:00.878799", "level": "INFO", "message": "=== INICIANDO AUDITORIA DE SEGURAN\u00c7A ===", "details": {}}
{"timestamp": "2026-03-01T12:00:01.017165", "level": "CRITICAL", "message": "Dispositivo n\u00e3o autorizado detectado: 255417947021566", "details": {"file": "device-list-255417947021566.json", "action": "REMOVER_IMEDIATAMENTE"}}
{"timestamp": "2026-03-01T12:00:01.018129", "level": "CRITICAL", "message": "Dispositivo n\u00e3o autorizado detectado: 14380204826734", "details": {"file": "device-list-14380204826734.json", "action": "REMOVER_IMEDIATAMENTE"}}
{"timestamp": "2026-03-01T12:00:01.024748", "level": "INFO", "message": "Integridade da configura\u00e7\u00e3o verificada", "details": {}}
{"timestamp": "2026-03-01T12:00:01.025440", "level": "INFO", "message": "Sess\u00f5es ativas: 5", "details": {}}
{"timestamp": "2026-03-01T12:00:01.922891", "level": "INFO", "message": "Gateway rodando com 1 processo(s)", "details": {}}
{"timestamp": "2026-03-01T12:00:01.923431", "level": "WARNING", "message": "\u26a0\ufe0f Verifica\u00e7\u00f5es falharam: whatsapp_credentials", "details": {}}
{"timestamp": "2026-03-01T12:00:01.923754", "level": "INFO", "message": "=== AUDITORIA CONCLU\u00cdDA ===", "details": {}}
{"timestamp": "2026-03-01T14:00:05.668223", "level": "INFO", "message": "=== INICIANDO AUDITORIA DE SEGURAN\u00c7A ===", "details": {}}
{"timestamp": "2026-03-01T14:00:05.824159", "level": "CRITICAL", "message": "Dispositivo n\u00e3o autorizado detectado: 255417947021566", "details": {"file": "device-list-255417947021566.json", "action": "REMOVER_IMEDIATAMENTE"}}
{"timestamp": "2026-03-01T14:00:05.824781", "level": "CRITICAL", "message": "Dispositivo n\u00e3o autorizado detectado: 14380204826734", "details": {"file": "device-list-14380204826734.json", "action": "REMOVER_IMEDIATAMENTE"}}
{"timestamp": "2026-03-01T14:00:05.889775", "level": "INFO", "message": "Integridade da configura\u00e7\u00e3o verificada", "details": {}}
{"timestamp": "2026-03-01T14:00:05.891417", "level": "INFO", "message": "Sess\u00f5es ativas: 5", "details": {}}
{"timestamp": "2026-03-01T14:00:07.825258", "level": "INFO", "message": "Gateway rodando com 1 processo(s)", "details": {}}
{"timestamp": "2026-03-01T14:00:07.825903", "level": "WARNING", "message": "\u26a0\ufe0f Verifica\u00e7\u00f5es falharam: whatsapp_credentials", "details": {}}
{"timestamp": "2026-03-01T14:00:07.826273", "level": "INFO", "message": "=== AUDITORIA CONCLU\u00cdDA ===", "details": {}}
{"timestamp": "2026-03-01T16:00:02.327526", "level": "INFO", "message": "=== INICIANDO AUDITORIA DE SEGURAN\u00c7A ===", "details": {}}
{"timestamp": "2026-03-01T16:00:02.345883", "level": "CRITICAL", "message": "Dispositivo n\u00e3o autorizado detectado: 255417947021566", "details": {"file": "device-list-255417947021566.json", "action": "REMOVER_IMEDIATAMENTE"}}
{"timestamp": "2026-03-01T16:00:02.346483", "level": "CRITICAL", "message": "Dispositivo n\u00e3o autorizado detectado: 14380204826734", "details": {"file": "device-list-14380204826734.json", "action": "REMOVER_IMEDIATAMENTE"}}
{"timestamp": "2026-03-01T16:00:02.355148", "level": "INFO", "message": "Integridade da configura\u00e7\u00e3o verificada", "details": {}}
{"timestamp": "2026-03-01T16:00:02.355836", "level": "INFO", "message": "Sess\u00f5es ativas: 5", "details": {}}
{"timestamp": "2026-03-01T16:00:02.856413", "level": "INFO", "message": "Gateway rodando com 1 processo(s)", "details": {}}
{"timestamp": "2026-03-01T16:00:02.856945", "level": "WARNING", "message": "\u26a0\ufe0f Verifica\u00e7\u00f5es falharam: whatsapp_credentials", "details": {}}
{"timestamp": "2026-03-01T16:00:02.857196", "level": "INFO", "message": "=== AUDITORIA CONCLU\u00cdDA ===", "details": {}}
{"timestamp": "2026-03-01T18:00:04.687330", "level": "INFO", "message": "=== INICIANDO AUDITORIA DE SEGURAN\u00c7A ===", "details": {}}
{"timestamp": "2026-03-01T18:00:04.931974", "level": "CRITICAL", "message": "Dispositivo n\u00e3o autorizado detectado: 255417947021566", "details": {"file": "device-list-255417947021566.json", "action": "REMOVER_IMEDIATAMENTE"}}
{"timestamp": "2026-03-01T18:00:04.932654", "level": "CRITICAL", "message": "Dispositivo n\u00e3o autorizado detectado: 14380204826734", "details": {"file": "device-list-14380204826734.json", "action": "REMOVER_IMEDIATAMENTE"}}
{"timestamp": "2026-03-01T18:00:04.940487", "level": "INFO", "message": "Integridade da configura\u00e7\u00e3o verificada", "details": {}}
{"timestamp": "2026-03-01T18:00:04.942853", "level": "INFO", "message": "Sess\u00f5es ativas: 5", "details": {}}
{"timestamp": "2026-03-01T18:00:05.263831", "level": "INFO", "message": "Gateway rodando com 1 processo(s)", "details": {}}
{"timestamp": "2026-03-01T18:00:05.264362", "level": "WARNING", "message": "\u26a0\ufe0f Verifica\u00e7\u00f5es falharam: whatsapp_credentials", "details": {}}
{"timestamp": "2026-03-01T18:00:05.264618", "level": "INFO", "message": "=== AUDITORIA CONCLU\u00cdDA ===", "details": {}}
{"timestamp": "2026-03-01T20:00:11.264574", "level": "INFO", "message": "=== INICIANDO AUDITORIA DE SEGURAN\u00c7A ===", "details": {}}
{"timestamp": "2026-03-01T20:00:11.572626", "level": "CRITICAL", "message": "Dispositivo n\u00e3o autorizado detectado: 255417947021566", "details": {"file": "device-list-255417947021566.json", "action": "REMOVER_IMEDIATAMENTE"}}
{"timestamp": "2026-03-01T20:00:11.573579", "level": "CRITICAL", "message": "Dispositivo n\u00e3o autorizado detectado: 14380204826734", "details": {"file": "device-list-14380204826734.json", "action": "REMOVER_IMEDIATAMENTE"}}
{"timestamp": "2026-03-01T20:00:11.629977", "level": "INFO", "message": "Integridade da configura\u00e7\u00e3o verificada", "details": {}}
{"timestamp": "2026-03-01T20:00:11.631378", "level": "INFO", "message": "Sess\u00f5es ativas: 5", "details": {}}
{"timestamp": "2026-03-01T20:00:17.278187", "level": "INFO", "message": "Gateway rodando com 1 processo(s)", "details": {}}
{"timestamp": "2026-03-01T20:00:17.279669", "level": "WARNING", "message": "\u26a0\ufe0f Verifica\u00e7\u00f5es falharam: whatsapp_credentials", "details": {}}
{"timestamp": "2026-03-01T20:00:17.280201", "level": "INFO", "message": "=== AUDITORIA CONCLU\u00cdDA ===", "details": {}}
{"timestamp": "2026-03-01T22:00:22.845352", "level": "INFO", "message": "=== INICIANDO AUDITORIA DE SEGURAN\u00c7A ===", "details": {}}
{"timestamp": "2026-03-01T22:00:23.141278", "level": "CRITICAL", "message": "Dispositivo n\u00e3o autorizado detectado: 255417947021566", "details": {"file": "device-list-255417947021566.json", "action": "REMOVER_IMEDIATAMENTE"}}
{"timestamp": "2026-03-01T22:00:23.142108", "level": "CRITICAL", "message": "Dispositivo n\u00e3o autorizado detectado: 14380204826734", "details": {"file": "device-list-14380204826734.json", "action": "REMOVER_IMEDIATAMENTE"}}
{"timestamp": "2026-03-01T22:00:23.301015", "level": "INFO", "message": "Integridade da configura\u00e7\u00e3o verificada", "details": {}}
{"timestamp": "2026-03-01T22:00:23.313708", "level": "INFO", "message": "Sess\u00f5es ativas: 5", "details": {}}
{"timestamp": "2026-03-01T22:00:27.162910", "level": "INFO", "message": "Gateway rodando com 1 processo(s)", "details": {}}
{"timestamp": "2026-03-01T22:00:27.163584", "level": "WARNING", "message": "\u26a0\ufe0f Verifica\u00e7\u00f5es falharam: whatsapp_credentials", "details": {}}
{"timestamp": "2026-03-01T22:00:27.164181", "level": "INFO", "message": "=== AUDITORIA CONCLU\u00cdDA ===", "details": {}}
